<?xml version="1.0" encoding="UTF-8"?>
<coverage generated="1712127157157" clover="3.2.0">
  <project timestamp="1712127157157" name="All files">
    <metrics statements="13" coveredstatements="13" conditionals="0" coveredconditionals="0" methods="9" coveredmethods="9" elements="22" coveredelements="22" complexity="0" loc="13" ncloc="13" packages="1" files="1" classes="1"/>
    <file name="fn.js" path="C:\Users\user1\Desktop\TIL\Jest\fn.js">
      <metrics statements="13" coveredstatements="13" conditionals="0" coveredconditionals="0" methods="9" coveredmethods="9"/>
      <line num="1" count="2" type="stmt"/>
      <line num="2" count="1" type="stmt"/>
      <line num="4" count="1" type="stmt"/>
      <line num="5" count="1" type="stmt"/>
      <line num="6" count="1" type="stmt"/>
      <line num="10" count="4" type="stmt"/>
      <line num="11" count="4" type="stmt"/>
      <line num="12" count="4" type="stmt"/>
      <line num="13" count="4" type="stmt"/>
      <line num="18" count="1" type="stmt"/>
      <line num="19" count="1" type="stmt"/>
      <line num="20" count="1" type="stmt"/>
      <line num="26" count="2" type="stmt"/>
    </file>
  </project>
</coverage>
