{"C:\\Users\\user1\\Desktop\\TIL\\Jest\\fn.js": {"path":"C:\\Users\\user1\\Desktop\\TIL\\Jest\\fn.js","statementMap":{"0":{"start":{"line":1,"column":11},"end":{"line":24,"column":1}},"1":{"start":{"line":2,"column":23},"end":{"line":2,"column":34}},"2":{"start":{"line":4,"column":17},"end":{"line":4,"column":23}},"3":{"start":{"line":5,"column":4},"end":{"line":7,"column":13}},"4":{"start":{"line":6,"column":6},"end":{"line":6,"column":21}},"5":{"start":{"line":10,"column":16},"end":{"line":10,"column":18}},"6":{"start":{"line":11,"column":4},"end":{"line":15,"column":7}},"7":{"start":{"line":12,"column":6},"end":{"line":14,"column":15}},"8":{"start":{"line":13,"column":8},"end":{"line":13,"column":17}},"9":{"start":{"line":18,"column":4},"end":{"line":22,"column":7}},"10":{"start":{"line":19,"column":6},"end":{"line":21,"column":15}},"11":{"start":{"line":20,"column":8},"end":{"line":20,"column":21}},"12":{"start":{"line":26,"column":0},"end":{"line":26,"column":20}}},"fnMap":{"0":{"name":"(anonymous_0)","decl":{"start":{"line":2,"column":7},"end":{"line":2,"column":8}},"loc":{"start":{"line":2,"column":23},"end":{"line":2,"column":34}},"line":2},"1":{"name":"(anonymous_1)","decl":{"start":{"line":3,"column":11},"end":{"line":3,"column":12}},"loc":{"start":{"line":3,"column":25},"end":{"line":8,"column":3}},"line":3},"2":{"name":"(anonymous_2)","decl":{"start":{"line":5,"column":15},"end":{"line":5,"column":16}},"loc":{"start":{"line":5,"column":21},"end":{"line":7,"column":5}},"line":5},"3":{"name":"(anonymous_3)","decl":{"start":{"line":9,"column":18},"end":{"line":9,"column":19}},"loc":{"start":{"line":9,"column":24},"end":{"line":16,"column":3}},"line":9},"4":{"name":"(anonymous_4)","decl":{"start":{"line":11,"column":23},"end":{"line":11,"column":24}},"loc":{"start":{"line":11,"column":37},"end":{"line":15,"column":5}},"line":11},"5":{"name":"(anonymous_5)","decl":{"start":{"line":12,"column":17},"end":{"line":12,"column":18}},"loc":{"start":{"line":12,"column":23},"end":{"line":14,"column":7}},"line":12},"6":{"name":"(anonymous_6)","decl":{"start":{"line":17,"column":17},"end":{"line":17,"column":18}},"loc":{"start":{"line":17,"column":23},"end":{"line":23,"column":3}},"line":17},"7":{"name":"(anonymous_7)","decl":{"start":{"line":18,"column":23},"end":{"line":18,"column":24}},"loc":{"start":{"line":18,"column":37},"end":{"line":22,"column":5}},"line":18},"8":{"name":"(anonymous_8)","decl":{"start":{"line":19,"column":17},"end":{"line":19,"column":18}},"loc":{"start":{"line":19,"column":23},"end":{"line":21,"column":7}},"line":19}},"branchMap":{},"s":{"0":2,"1":1,"2":1,"3":1,"4":1,"5":4,"6":4,"7":4,"8":4,"9":1,"10":1,"11":1,"12":2},"f":{"0":1,"1":1,"2":1,"3":4,"4":4,"5":4,"6":1,"7":1,"8":1},"b":{},"_coverageSchema":"1a1c01bbd47fc00a2c39e90264f33305004495a9","hash":"11ce60f52fbf451a1c489ca778bc224aa8866c7a"}
}
